  [0] => id
  [1] => name
  [2] => date_entered
  [3] => date_modified
  [4] => modified_user_id
  [5] => modified_by_name
  [6] => created_by
  [7] => created_by_name
  [8] => description
  [9] => deleted
  [10] => created_by_link
  [11] => modified_user_link
  [12] => assigned_user_id
  [13] => assigned_user_name
  [14] => assigned_user_link
  [15] => SecurityGroups
  [16] => opportunity_type
  [17] => account_name
  [18] => account_id
  [19] => campaign_id
  [20] => campaign_name
  [21] => campaign_opportunities
  [22] => lead_source
  [23] => amount
  [24] => amount_usdollar
  [25] => currency_id
  [26] => currency_name
  [27] => currency_symbol
  [28] => date_closed
  [29] => next_step
  [30] => sales_stage
  [31] => probability
  [32] => accounts
  [33] => contacts
  [34] => tasks
  [35] => notes
  [36] => meetings
  [37] => calls
  [38] => emails
  [39] => documents
  [40] => project
  [41] => leads
  [42] => campaigns
  [43] => campaign_link
  [44] => currencies
  [45] => aos_quotes
  [46] => aos_contracts
  [47] => days_in_stage_c
  [48] => mitsp_salespipe_id_c
  [49] => jjwg_maps_geocode_status_c
  [50] => salespipe_c
  [51] => jjwg_maps_lng_c
  [52] => jjwg_maps_address_c
  [53] => lost_reason_c
  [54] => jjwg_maps_lat_c