(
    [0] => id
    [1] => name
    [2] => date_entered
    [3] => date_modified
    [4] => modified_user_id
    [5] => modified_by_name
    [6] => created_by
    [7] => created_by_name
    [8] => description
    [9] => deleted
    [10] => created_by_link
    [11] => modified_user_link
    [12] => assigned_user_id
    [13] => assigned_user_name
    [14] => assigned_user_link
    [15] => SecurityGroups
    [16] => account_type
    [17] => industry
    [18] => annual_revenue
    [19] => phone_fax
    [20] => billing_address_street
    [21] => billing_address_street_2
    [22] => billing_address_street_3
    [23] => billing_address_street_4
    [24] => billing_address_city
    [25] => billing_address_state
    [26] => billing_address_postalcode
    [27] => billing_address_country
    [28] => rating
    [29] => phone_office
    [30] => phone_alternate
    [31] => website
    [32] => ownership
    [33] => employees
    [34] => ticker_symbol
    [35] => shipping_address_street
    [36] => shipping_address_street_2
    [37] => shipping_address_street_3
    [38] => shipping_address_street_4
    [39] => shipping_address_city
    [40] => shipping_address_state
    [41] => shipping_address_postalcode
    [42] => shipping_address_country
    [43] => email1
    [44] => email_addresses_primary
    [45] => email_addresses
    [46] => email_addresses_non_primary
    [47] => parent_id
    [48] => sic_code
    [49] => parent_name
    [50] => members
    [51] => member_of
    [52] => email_opt_out
    [53] => invalid_email
    [54] => cases
    [55] => email
    [56] => tasks
    [57] => notes
    [58] => meetings
    [59] => calls
    [60] => emails
    [61] => documents
    [62] => bugs
    [63] => contacts
    [64] => opportunities
    [65] => project
    [66] => leads
    [67] => campaigns
    [68] => campaign_accounts
    [69] => campaign_id
    [70] => campaign_name
    [71] => prospect_lists
    [72] => aos_quotes
    [73] => aos_invoices
    [74] => aos_contracts
    [75] => jjwg_maps_address_c
    [76] => jjwg_maps_geocode_status_c
    [77] => jjwg_maps_lat_c
    [78] => jjwg_maps_lng_c
)