(
    [0] => id
    [1] => name
    [2] => date_entered
    [3] => date_modified
    [4] => modified_user_id
    [5] => modified_by_name
    [6] => created_by
    [7] => created_by_name
    [8] => description
    [9] => deleted
    [10] => created_by_link
    [11] => modified_user_link
    [12] => assigned_user_id
    [13] => assigned_user_name
    [14] => assigned_user_link
    [15] => SecurityGroups
    [16] => billing_account_id
    [17] => billing_account
    [18] => billing_contact_id
    [19] => billing_contact
    [20] => billing_address_street
    [21] => billing_address_city
    [22] => billing_address_state
    [23] => billing_address_postalcode
    [24] => billing_address_country
    [25] => shipping_address_street
    [26] => shipping_address_city
    [27] => shipping_address_state
    [28] => shipping_address_postalcode
    [29] => shipping_address_country
    [30] => number
    [31] => line_items
    [32] => total_amt
    [33] => total_amt_usdollar
    [34] => subtotal_amount
    [35] => subtotal_amount_usdollar
    [36] => discount_amount
    [37] => discount_amount_usdollar
    [38] => tax_amount
    [39] => tax_amount_usdollar
    [40] => shipping_amount
    [41] => shipping_amount_usdollar
    [42] => shipping_tax
    [43] => shipping_tax_amt
    [44] => shipping_tax_amt_usdollar
    [45] => total_amount
    [46] => total_amount_usdollar
    [47] => currency_id
    [48] => quote_number
    [49] => quote_date
    [50] => invoice_date
    [51] => due_date
    [52] => status
    [53] => template_ddown_c
    [54] => subtotal_tax_amount
    [55] => subtotal_tax_amount_usdollar
    [56] => accounts
    [57] => contacts
    [58] => aos_quotes_aos_invoices
    [59] => aos_products_quotes
    [60] => aos_line_item_groups
)
